<?xml version="1.0" encoding="UTF-8"?>
<!-- Generated by org.testng.reporters.JUnitXMLReporter -->
<testsuite hostname="SEONGSU" name="Surefire test" tests="2" failures="0" timestamp="5 Jul 2018 00:23:15 GMT" time="0.063" errors="0">
  <testcase name="test_fail on test_fail(com.my.javap.Calculate_Test)" time="0.005" classname="com.my.javap.Calculate_Test"/>
  <testcase name="test_success on test_success(com.my.javap.Calculate_Test)" time="0.0" classname="com.my.javap.Calculate_Test"/>
</testsuite> <!-- Surefire test -->
