<?xml version="1.0" encoding="UTF-8"?>
<testng-results skipped="0" failed="0" total="2" passed="2">
  <reporter-output>
  </reporter-output>
  <suite name="Surefire suite" duration-ms="63" started-at="2018-07-05T00:23:15Z" finished-at="2018-07-05T00:23:15Z">
    <groups>
    </groups>
    <test name="Surefire test" duration-ms="63" started-at="2018-07-05T00:23:15Z" finished-at="2018-07-05T00:23:15Z">
      <class name="com.my.javap.Calculate_Test">
        <test-method status="PASS" signature="test_fail()[pri:0, instance:test_fail(com.my.javap.Calculate_Test)]" name="test_fail" duration-ms="5" started-at="2018-07-05T09:23:15Z" finished-at="2018-07-05T09:23:15Z">
          <reporter-output>
          </reporter-output>
        </test-method> <!-- test_fail -->
        <test-method status="PASS" signature="test_success()[pri:0, instance:test_success(com.my.javap.Calculate_Test)]" name="test_success" duration-ms="0" started-at="2018-07-05T09:23:15Z" finished-at="2018-07-05T09:23:15Z">
          <reporter-output>
          </reporter-output>
        </test-method> <!-- test_success -->
      </class> <!-- com.my.javap.Calculate_Test -->
    </test> <!-- Surefire test -->
  </suite> <!-- Surefire suite -->
</testng-results>
